nohup: ignoring input
[INFO] Scanning for projects...
[INFO] 
[INFO] --------------------< hr.fer.proinz:project_bajeet >--------------------
[INFO] Building project_bajeet 0.0.1-SNAPSHOT
[INFO]   from pom.xml
[INFO] --------------------------------[ jar ]---------------------------------
[INFO] 
[INFO] >>> spring-boot:3.3.5:run (default-cli) > test-compile @ project_bajeet >>>
[INFO] 
[INFO] --- resources:3.3.1:resources (default-resources) @ project_bajeet ---
[INFO] Copying 1 resource from src/main/resources to target/classes
[INFO] Copying 0 resource from src/main/resources to target/classes
[INFO] 
[INFO] --- compiler:3.13.0:compile (default-compile) @ project_bajeet ---
[INFO] Nothing to compile - all classes are up to date.
[INFO] 
[INFO] --- resources:3.3.1:testResources (default-testResources) @ project_bajeet ---
[INFO] skip non existing resourceDirectory /root/Project_Bajeet/src/test/resources
[INFO] 
[INFO] --- compiler:3.13.0:testCompile (default-testCompile) @ project_bajeet ---
[INFO] Nothing to compile - all classes are up to date.
[INFO] 
[INFO] <<< spring-boot:3.3.5:run (default-cli) < test-compile @ project_bajeet <<<
[INFO] 
[INFO] 
[INFO] --- spring-boot:3.3.5:run (default-cli) @ project_bajeet ---
[INFO] Attaching agents: []

  .   ____          _            __ _ _
 /\\ / ___'_ __ _ _(_)_ __  __ _ \ \ \ \
( ( )\___ | '_ | '_| | '_ \/ _` | \ \ \ \
 \\/  ___)| |_)| | | | | || (_| |  ) ) ) )
  '  |____| .__|_| |_|_| |_\__, | / / / /
 =========|_|==============|___/=/_/_/_/

 :: Spring Boot ::                (v3.3.5)

2024-10-24T21:49:13.246Z  INFO 17353 --- [project_bajeet] [           main] h.f.p.p.ProjectBajeetApplication         : Starting ProjectBajeetApplication using Java 17.0.12 with PID 17353 (/root/Project_Bajeet/target/classes started by root in /root/Project_Bajeet)
2024-10-24T21:49:13.250Z  INFO 17353 --- [project_bajeet] [           main] h.f.p.p.ProjectBajeetApplication         : No active profile set, falling back to 1 default profile: "default"
2024-10-24T21:49:14.473Z  INFO 17353 --- [project_bajeet] [           main] o.s.b.w.embedded.tomcat.TomcatWebServer  : Tomcat initialized with port 8080 (http)
2024-10-24T21:49:14.488Z  INFO 17353 --- [project_bajeet] [           main] o.apache.catalina.core.StandardService   : Starting service [Tomcat]
2024-10-24T21:49:14.488Z  INFO 17353 --- [project_bajeet] [           main] o.apache.catalina.core.StandardEngine    : Starting Servlet engine: [Apache Tomcat/10.1.31]
2024-10-24T21:49:14.647Z  INFO 17353 --- [project_bajeet] [           main] o.a.c.c.C.[Tomcat].[localhost].[/]       : Initializing Spring embedded WebApplicationContext
2024-10-24T21:49:14.649Z  INFO 17353 --- [project_bajeet] [           main] w.s.c.ServletWebServerApplicationContext : Root WebApplicationContext: initialization completed in 1325 ms
2024-10-24T21:49:15.253Z  INFO 17353 --- [project_bajeet] [           main] o.s.b.w.embedded.tomcat.TomcatWebServer  : Tomcat started on port 8080 (http) with context path '/'
2024-10-24T21:49:15.267Z  INFO 17353 --- [project_bajeet] [           main] h.f.p.p.ProjectBajeetApplication         : Started ProjectBajeetApplication in 2.619 seconds (process running for 3.125)
